<?xml version="1.0" encoding="UTF-8"?>
<!-- Generated by org.testng.reporters.JUnitReportReporter -->
<testsuite hostname="Lenovo" failures="0" tests="1" name="test.standalone_EtoE" time="39.782" errors="0" timestamp="2023-06-12T00:25:12 IST" skipped="0">
  <testcase classname="test.standalone_EtoE" name="EtoE" time="39.782"/>
</testsuite> <!-- test.standalone_EtoE -->
