<?xml version="1.0" encoding="UTF-8"?>
<!-- Generated by org.testng.reporters.JUnitReportReporter -->
<testsuite hostname="Lenovo" failures="0" tests="1" name="TestNG.SeleniumFrameworkDesign.sample" time="0.032" errors="0" timestamp="2023-06-08T23:34:52 IST" skipped="0">
  <testcase classname="TestNG.SeleniumFrameworkDesign.sample" name="m1" time="0.032"/>
</testsuite> <!-- TestNG.SeleniumFrameworkDesign.sample -->
