<?xml version="1.0" encoding="UTF-8"?>
<!-- Generated by org.testng.reporters.JUnitReportReporter -->
<testsuite hostname="Lenovo" failures="0" tests="2" name="TestNG.SeleniumFrameworkDesign.Child" time="0.063" errors="0" timestamp="2023-06-09T17:07:36 IST" skipped="0">
  <testcase classname="TestNG.SeleniumFrameworkDesign.Child" name="m1" time="0.035"/>
  <testcase classname="TestNG.SeleniumFrameworkDesign.Child" name="m2" time="0.028"/>
</testsuite> <!-- TestNG.SeleniumFrameworkDesign.Child -->
